-------------------------------------------------------------------------------
Test set: promenaLozinke.TP03_PromenaLozinke_ImaUzastopneZnake
-------------------------------------------------------------------------------
Tests run: 1, Failures: 1, Errors: 0, Skipped: 0, Time elapsed: 3.343 sec <<< FAILURE!
tp03(promenaLozinke.TP03_PromenaLozinke_ImaUzastopneZnake)  Time elapsed: 2.997 sec  <<< FAILURE!
java.lang.AssertionError: expected [true] but found [false]
	at org.testng.Assert.fail(Assert.java:94)
	at org.testng.Assert.failNotEquals(Assert.java:494)
	at org.testng.Assert.assertTrue(Assert.java:42)
	at org.testng.Assert.assertTrue(Assert.java:52)
	at promenaLozinke.TP03_PromenaLozinke_ImaUzastopneZnake.tp03(TP03_PromenaLozinke_ImaUzastopneZnake.java:41)

