<?xml version="1.0" encoding="UTF-8"?>
<!-- Generated by org.testng.reporters.JUnitXMLReporter -->
<testsuite hostname="WIN-M4ALLFSO9QO" name="Command line test" tests="1" failures="1" timestamp="2 Feb 2023 20:41:05 GMT" time="2.995" errors="0">
  <testcase name="tp03" time="2.99" classname="promenaLozinke.TP03_PromenaLozinke_ImaUzastopneZnake">
    <failure type="java.lang.AssertionError" message="expected [true] but found [false]">
      <![CDATA[java.lang.AssertionError: expected [true] but found [false]
	at promenaLozinke.TP03_PromenaLozinke_ImaUzastopneZnake.tp03(TP03_PromenaLozinke_ImaUzastopneZnake.java:41)
... Removed 37 stack frames]]>
    </failure>
  </testcase> <!-- tp03 -->
</testsuite> <!-- Command line test -->
